<?xml version="1.0" encoding="UTF-8"?>
<testsuites>
  <testsuite name="Test Suite" tests="1" assertions="7" errors="0" warnings="0" failures="1" skipped="0" time="0.089938">
    <testsuite name="PrimitiveSocial\FlexibleWhereBetween\Tests\FlexibleTest" file="/Users/jerredhurst/Downloads/flexible-where-between/tests/FlexibleTest.php" tests="1" assertions="7" errors="0" warnings="0" failures="1" skipped="0" time="0.089938">
      <testcase name="it_is_flexible" class="PrimitiveSocial\FlexibleWhereBetween\Tests\FlexibleTest" classname="PrimitiveSocial.FlexibleWhereBetween.Tests.FlexibleTest" file="/Users/jerredhurst/Downloads/flexible-where-between/tests/FlexibleTest.php" line="49" assertions="7" time="0.089938">
        <failure type="PHPUnit\Framework\ExpectationFailedException">PrimitiveSocial\FlexibleWhereBetween\Tests\FlexibleTest::it_is_flexible
Failed asserting that 0 matches expected 3.

/Users/jerredhurst/Downloads/flexible-where-between/tests/FlexibleTest.php:74
</failure>
      </testcase>
    </testsuite>
  </testsuite>
</testsuites>
